<?xml version="1.0" encoding="UTF-8"?>
<testng-results skipped="0" failed="0" ignored="0" total="2" passed="2">
  <reporter-output>
  </reporter-output>
  <suite name="Default suite" duration-ms="10678" started-at="2017-11-29T06:41:25Z" finished-at="2017-11-29T06:41:36Z">
    <groups>
    </groups>
    <test name="Default test" duration-ms="10678" started-at="2017-11-29T06:41:25Z" finished-at="2017-11-29T06:41:36Z">
      <class name="com.OHRMS.testcases.LoginPageTest">
        <test-method status="PASS" signature="setup()[pri:0, instance:com.OHRMS.testcases.LoginPageTest@cb5822]" name="setup" is-config="true" duration-ms="7482" started-at="2017-11-29T12:11:25Z" finished-at="2017-11-29T12:11:33Z">
          <reporter-output>
          </reporter-output>
        </test-method> <!-- setup -->
        <test-method status="PASS" signature="loginPageTitleTest()[pri:1, instance:com.OHRMS.testcases.LoginPageTest@cb5822]" name="loginPageTitleTest" duration-ms="30" started-at="2017-11-29T12:11:33Z" finished-at="2017-11-29T12:11:33Z">
          <reporter-output>
          </reporter-output>
        </test-method> <!-- loginPageTitleTest -->
        <test-method status="PASS" signature="LoginTest()[pri:2, instance:com.OHRMS.testcases.LoginPageTest@cb5822]" name="LoginTest" duration-ms="2497" started-at="2017-11-29T12:11:33Z" finished-at="2017-11-29T12:11:35Z">
          <reporter-output>
          </reporter-output>
        </test-method> <!-- LoginTest -->
        <test-method status="PASS" signature="teardown()[pri:0, instance:com.OHRMS.testcases.LoginPageTest@cb5822]" name="teardown" is-config="true" duration-ms="622" started-at="2017-11-29T12:11:35Z" finished-at="2017-11-29T12:11:36Z">
          <reporter-output>
          </reporter-output>
        </test-method> <!-- teardown -->
      </class> <!-- com.OHRMS.testcases.LoginPageTest -->
    </test> <!-- Default test -->
  </suite> <!-- Default suite -->
</testng-results>
